<?xml version="1.0" encoding="UTF-8" ?>

<testsuite failures="0" time="0.141" errors="0" skipped="0" tests="1" name="database.userTableTest">
  <testcase classname="database.userTableTest" name="testInserts" time="0.141">
      </testcase>
</testsuite>
